<?xml version="1.0" encoding="UTF-8"?>
<!-- Generated by org.testng.reporters.JUnitReportReporter -->
<testsuite hostname="DESKTOP-5PEM7KM" failures="0" tests="1" name="com.mvn.AppiumMobile" time="20.728" errors="0" timestamp="2025-04-05T10:42:31 GMT+04:00" skipped="0">
  <testcase classname="com.mvn.AppiumMobile" name="name" time="20.728"/>
</testsuite> <!-- com.mvn.AppiumMobile -->
