<?xml version="1.0" encoding="UTF-8"?>
<!-- Generated by org.testng.reporters.JUnitReportReporter -->
<testsuite hostname="MISTRY" failures="0" tests="1" name="com.mvn.API_PROJECT_2" time="14.490" errors="0" timestamp="2025-05-07T00:42:09 GMT+04:00" skipped="0">
  <testcase classname="com.mvn.API_PROJECT_2" name="name" time="14.490"/>
</testsuite> <!-- com.mvn.API_PROJECT_2 -->
