<?xml version="1.0" encoding="UTF-8"?>
<!-- Generated by org.testng.reporters.JUnitReportReporter -->
<testsuite hostname="MISTRY" failures="0" tests="1" name="com.mvn.BaseTest" time="10.741" errors="0" timestamp="2025-04-08T09:53:52 GMT+04:00" skipped="0">
  <testcase classname="com.mvn.BaseTest" name="appiumMobile" time="10.741"/>
</testsuite> <!-- com.mvn.BaseTest -->
