<?xml version="1.0" encoding="UTF-8"?>
<!-- Generated by org.testng.reporters.JUnitReportReporter -->
<testsuite hostname="MISTRY" failures="0" tests="1" name="com.mvn.API_PROJECT" time="69.624" errors="0" timestamp="2025-05-07T00:35:26 GMT+04:00" skipped="0">
  <testcase classname="com.mvn.API_PROJECT" name="name" time="69.624"/>
</testsuite> <!-- com.mvn.API_PROJECT -->
