<?xml version="1.0" encoding="UTF-8"?>
<!-- Generated by org.testng.reporters.JUnitReportReporter -->
<testsuite hostname="MISTRY" failures="0" tests="1" name="com.mvn.General_Store" time="31.952" errors="0" timestamp="2025-04-15T11:07:01 GMT+04:00" skipped="0">
  <testcase classname="com.mvn.General_Store" name="name" time="31.952"/>
</testsuite> <!-- com.mvn.General_Store -->
