<?xml version="1.0" encoding="UTF-8"?>
<!-- Generated by org.testng.reporters.JUnitReportReporter -->
<testsuite hostname="MISTRY" failures="0" tests="1" name="com.mvn.APIdemo_virtual" time="13.260" errors="0" timestamp="2025-04-10T19:19:14 GMT+04:00" skipped="0">
  <testcase classname="com.mvn.APIdemo_virtual" name="test" time="13.260"/>
</testsuite> <!-- com.mvn.APIdemo_virtual -->
