<?xml version="1.0" encoding="UTF-8"?>
<!-- Generated by org.testng.reporters.JUnitReportReporter -->
<testsuite hostname="MISTRY" failures="0" tests="1" name="com.mvn.gragNDrop_virtual" time="9.783" errors="0" timestamp="2025-04-12T09:58:00 GMT+04:00" skipped="0">
  <testcase classname="com.mvn.gragNDrop_virtual" name="test" time="9.783"/>
</testsuite> <!-- com.mvn.gragNDrop_virtual -->
