<?xml version="1.0" encoding="UTF-8"?>
<!-- Generated by org.testng.reporters.JUnitReportReporter -->
<testsuite hostname="MISTRY" failures="0" tests="1" name="com.mvn.swipedemo_virtual" time="34.371" errors="0" timestamp="2025-04-12T10:55:25 GMT+04:00" skipped="0">
  <testcase classname="com.mvn.swipedemo_virtual" name="test" time="34.371"/>
</testsuite> <!-- com.mvn.swipedemo_virtual -->
