<?xml version="1.0" encoding="UTF-8"?>
<!-- Generated by org.testng.reporters.JUnitReportReporter -->
<testsuite hostname="MISTRY" failures="0" tests="1" name="com.mvn.baseTest_Virtual" time="36.279" errors="0" timestamp="2025-04-10T19:14:17 GMT+04:00" skipped="0">
  <testcase classname="com.mvn.baseTest_Virtual" name="before" time="36.279"/>
</testsuite> <!-- com.mvn.baseTest_Virtual -->
