<?xml version="1.0" encoding="UTF-8"?>
<!-- Generated by org.testng.reporters.JUnitReportReporter -->
<testsuite hostname="MISTRY" failures="0" tests="1" name="com.mvn.APIdemo_Scroll" time="20.464" errors="0" timestamp="2025-04-17T10:37:07 GMT+04:00" skipped="0">
  <testcase classname="com.mvn.APIdemo_Scroll" name="scroll" time="20.464"/>
</testsuite> <!-- com.mvn.APIdemo_Scroll -->
