<?xml version="1.0" encoding="UTF-8"?>
<!-- Generated by org.testng.reporters.JUnitReportReporter -->
<testsuite hostname="MISTRY" failures="0" tests="1" name="com.mvn.APIdemo" time="38.616" errors="0" timestamp="2025-04-10T10:18:04 GMT+04:00" skipped="0">
  <testcase classname="com.mvn.APIdemo" name="scroll" time="38.616"/>
</testsuite> <!-- com.mvn.APIdemo -->
